#
# There is insufficient memory for the Java Runtime Environment to continue.
# Native memory allocation (malloc) failed to allocate 1311056 bytes for Chunk::new
# Possible reasons:
#   The system is out of physical RAM or swap space
#   The process is running with CompressedOops enabled, and the Java Heap may be blocking the growth of the native heap
# Possible solutions:
#   Reduce memory load on the system
#   Increase physical memory or swap space
#   Check if swap backing store is full
#   Decrease Java heap size (-Xmx/-Xms)
#   Decrease number of Java threads
#   Decrease Java thread stack sizes (-Xss)
#   Set larger code cache with -XX:ReservedCodeCacheSize=
#   JVM is running with Unscaled Compressed Oops mode in which the Java heap is
#     placed in the first 4GB address space. The Java Heap base address is the
#     maximum limit for the native heap growth. Please use -XX:HeapBaseMinAddress
#     to set the Java Heap base and to place the Java Heap above 4GB virtual address.
# This output file may be truncated or incomplete.
#
#  Out of Memory Error (./src/hotspot/share/memory/arena.cpp:197), pid=10568, tid=9652
#
# JRE version: OpenJDK Runtime Environment (11.0.11+9) (build 11.0.11+9-b60-7590822)
# Java VM: OpenJDK 64-Bit Server VM (11.0.11+9-b60-7590822, mixed mode, tiered, compressed oops, g1 gc, windows-amd64)
# No core dump will be written. Minidumps are not enabled by default on client versions of Windows
#

---------------  S U M M A R Y ------------

Command Line: --add-opens=java.base/java.util=ALL-UNNAMED --add-opens=java.base/java.lang=ALL-UNNAMED --add-opens=java.base/java.lang.invoke=ALL-UNNAMED --add-opens=java.base/java.util=ALL-UNNAMED --add-opens=java.prefs/java.util.prefs=ALL-UNNAMED --add-opens=java.prefs/java.util.prefs=ALL-UNNAMED --add-opens=java.base/java.nio.charset=ALL-UNNAMED --add-opens=java.base/java.net=ALL-UNNAMED --add-opens=java.base/java.util.concurrent.atomic=ALL-UNNAMED -Xmx2048m -Dfile.encoding=UTF-8 -Duser.country=RU -Duser.language=ru -Duser.variant org.gradle.launcher.daemon.bootstrap.GradleDaemon 7.2

Host: Intel(R) Core(TM) i3-1005G1 CPU @ 1.20GHz, 4 cores, 7G,  Windows 10 , 64 bit Build 19041 (10.0.19041.1566)
Time: Sun Mar 20 22:24:20 2022 RTZ 2 (зима) elapsed time: 16.337010 seconds (0d 0h 0m 16s)

---------------  T H R E A D  ---------------

Current thread (0x000001f3b0511800):  JavaThread "C2 CompilerThread0" daemon [_thread_in_native, id=9652, stack(0x0000002b90100000,0x0000002b90200000)]


Current CompileTask:
C2:  16337 2280   !   4       java.net.URLClassLoader$1::run (63 bytes)

Stack: [0x0000002b90100000,0x0000002b90200000]
Native frames: (J=compiled Java code, j=interpreted, Vv=VM code, C=native code)
V  [jvm.dll+0x5f214a]
V  [jvm.dll+0x726fb5]
V  [jvm.dll+0x7285cd]
V  [jvm.dll+0x728c83]
V  [jvm.dll+0x243278]
V  [jvm.dll+0xbc53c]
V  [jvm.dll+0xbca3c]
V  [jvm.dll+0x353e7d]
V  [jvm.dll+0x19875c]
V  [jvm.dll+0x1fc2ee]
V  [jvm.dll+0x1fb3d4]
V  [jvm.dll+0x183d6c]
V  [jvm.dll+0x209a57]
V  [jvm.dll+0x2082a1]
V  [jvm.dll+0x6ef58f]
V  [jvm.dll+0x6e80b5]
V  [jvm.dll+0x5f1036]
C  [ucrtbase.dll+0x21bb2]
C  [KERNEL32.DLL+0x17034]
C  [ntdll.dll+0x52651]


---------------  P R O C E S S  ---------------

Threads class SMR info:
_java_thread_list=0x000001f3b1e70650, length=29, elements={
0x000001f3949db000, 0x000001f3b04ea000, 0x000001f3b04f4000, 0x000001f3b0509800,
0x000001f3b050d800, 0x000001f3b0510800, 0x000001f3b0511800, 0x000001f3b0513000,
0x000001f3b0ed7000, 0x000001f3b0fe4800, 0x000001f3b342b800, 0x000001f3b36d9800,
0x000001f3b11df800, 0x000001f3b2696000, 0x000001f3b428e000, 0x000001f3b1ffc000,
0x000001f3b27b2800, 0x000001f3b3a48800, 0x000001f3b3c83000, 0x000001f3b40de000,
0x000001f3b40df000, 0x000001f3b40df800, 0x000001f3b40e0800, 0x000001f3b40e1800,
0x000001f3b40dd800, 0x000001f3b40e4000, 0x000001f3b40e2000, 0x000001f3b40e3000,
0x000001f3b45fe000
}

Java Threads: ( => current thread )
  0x000001f3949db000 JavaThread "main" [_thread_blocked, id=3352, stack(0x0000002b8f500000,0x0000002b8f600000)]
  0x000001f3b04ea000 JavaThread "Reference Handler" daemon [_thread_blocked, id=2908, stack(0x0000002b8fc00000,0x0000002b8fd00000)]
  0x000001f3b04f4000 JavaThread "Finalizer" daemon [_thread_blocked, id=10148, stack(0x0000002b8fd00000,0x0000002b8fe00000)]
  0x000001f3b0509800 JavaThread "Signal Dispatcher" daemon [_thread_blocked, id=1912, stack(0x0000002b8fe00000,0x0000002b8ff00000)]
  0x000001f3b050d800 JavaThread "Attach Listener" daemon [_thread_blocked, id=2312, stack(0x0000002b8ff00000,0x0000002b90000000)]
  0x000001f3b0510800 JavaThread "Service Thread" daemon [_thread_blocked, id=4116, stack(0x0000002b90000000,0x0000002b90100000)]
=>0x000001f3b0511800 JavaThread "C2 CompilerThread0" daemon [_thread_in_native, id=9652, stack(0x0000002b90100000,0x0000002b90200000)]
  0x000001f3b0513000 JavaThread "C1 CompilerThread0" daemon [_thread_in_native, id=5356, stack(0x0000002b90200000,0x0000002b90300000)]
  0x000001f3b0ed7000 JavaThread "Sweeper thread" daemon [_thread_blocked, id=2816, stack(0x0000002b90300000,0x0000002b90400000)]
  0x000001f3b0fe4800 JavaThread "Common-Cleaner" daemon [_thread_blocked, id=7700, stack(0x0000002b90400000,0x0000002b90500000)]
  0x000001f3b342b800 JavaThread "Daemon health stats" [_thread_blocked, id=5388, stack(0x0000002b90800000,0x0000002b90900000)]
  0x000001f3b36d9800 JavaThread "Incoming local TCP Connector on port 51880" [_thread_in_native, id=4400, stack(0x0000002b90700000,0x0000002b90800000)]
  0x000001f3b11df800 JavaThread "Daemon periodic checks" [_thread_blocked, id=3992, stack(0x0000002b90900000,0x0000002b90a00000)]
  0x000001f3b2696000 JavaThread "Daemon" [_thread_blocked, id=6196, stack(0x0000002b90c00000,0x0000002b90d00000)]
  0x000001f3b428e000 JavaThread "Handler for socket connection from /127.0.0.1:51880 to /127.0.0.1:51881" [_thread_in_native, id=6468, stack(0x0000002b90d00000,0x0000002b90e00000)]
  0x000001f3b1ffc000 JavaThread "Cancel handler" [_thread_blocked, id=6016, stack(0x0000002b90e00000,0x0000002b90f00000)]
  0x000001f3b27b2800 JavaThread "Daemon worker" [_thread_in_Java, id=4800, stack(0x0000002b90f00000,0x0000002b91000000)]
  0x000001f3b3a48800 JavaThread "Asynchronous log dispatcher for DefaultDaemonConnection: socket connection from /127.0.0.1:51880 to /127.0.0.1:51881" [_thread_blocked, id=10088, stack(0x0000002b91000000,0x0000002b91100000)]
  0x000001f3b3c83000 JavaThread "Stdin handler" [_thread_blocked, id=1676, stack(0x0000002b91100000,0x0000002b91200000)]
  0x000001f3b40de000 JavaThread "Daemon client event forwarder" [_thread_blocked, id=1648, stack(0x0000002b91200000,0x0000002b91300000)]
  0x000001f3b40df000 JavaThread "Cache worker for journal cache (C:\Users\Ruslan\.gradle\caches\journal-1)" [_thread_blocked, id=5740, stack(0x0000002b91300000,0x0000002b91400000)]
  0x000001f3b40df800 JavaThread "File lock request listener" [_thread_in_native, id=948, stack(0x0000002b91400000,0x0000002b91500000)]
  0x000001f3b40e0800 JavaThread "Cache worker for file hash cache (C:\Users\Ruslan\.gradle\caches\7.2\fileHashes)" [_thread_blocked, id=8208, stack(0x0000002b91500000,0x0000002b91600000)]
  0x000001f3b40e1800 JavaThread "Cache worker for file hash cache (C:\Users\Ruslan\AndroidStudioProjects\game007\.gradle\7.2\fileHashes)" [_thread_blocked, id=3688, stack(0x0000002b91600000,0x0000002b91700000)]
  0x000001f3b40dd800 JavaThread "File watcher server" daemon [_thread_in_native, id=3160, stack(0x0000002b91800000,0x0000002b91900000)]
  0x000001f3b40e4000 JavaThread "File watcher consumer" daemon [_thread_blocked, id=6924, stack(0x0000002b91900000,0x0000002b91a00000)]
  0x000001f3b40e2000 JavaThread "Cache worker for checksums cache (C:\Users\Ruslan\AndroidStudioProjects\game007\.gradle\checksums)" [_thread_blocked, id=2492, stack(0x0000002b91700000,0x0000002b91800000)]
  0x000001f3b40e3000 JavaThread "Cache worker for cache directory md-supplier (C:\Users\Ruslan\.gradle\caches\7.2\md-supplier)" [_thread_blocked, id=8136, stack(0x0000002b91a00000,0x0000002b91b00000)]
  0x000001f3b45fe000 JavaThread "Cache worker for cache directory md-rule (C:\Users\Ruslan\.gradle\caches\7.2\md-rule)" [_thread_blocked, id=3464, stack(0x0000002b91c00000,0x0000002b91d00000)]

Other Threads:
  0x000001f3b04e7000 VMThread "VM Thread" [stack: 0x0000002b8fb00000,0x0000002b8fc00000] [id=11108]
  0x000001f3b101a800 WatcherThread [stack: 0x0000002b90500000,0x0000002b90600000] [id=5268]
  0x000001f3949f4800 GCTaskThread "GC Thread#0" [stack: 0x0000002b8f600000,0x0000002b8f700000] [id=11052]
  0x000001f3b1314000 GCTaskThread "GC Thread#1" [stack: 0x0000002b90600000,0x0000002b90700000] [id=8000]
  0x000001f3b1c55800 GCTaskThread "GC Thread#2" [stack: 0x0000002b90a00000,0x0000002b90b00000] [id=2420]
  0x000001f3b3e00800 GCTaskThread "GC Thread#3" [stack: 0x0000002b90b00000,0x0000002b90c00000] [id=8020]
  0x000001f394a24000 ConcurrentGCThread "G1 Main Marker" [stack: 0x0000002b8f700000,0x0000002b8f800000] [id=7632]
  0x000001f394a27800 ConcurrentGCThread "G1 Conc#0" [stack: 0x0000002b8f800000,0x0000002b8f900000] [id=7672]
  0x000001f394aaf800 ConcurrentGCThread "G1 Refine#0" [stack: 0x0000002b8f900000,0x0000002b8fa00000] [id=6508]
  0x000001f394ab3000 ConcurrentGCThread "G1 Young RemSet Sampling" [stack: 0x0000002b8fa00000,0x0000002b8fb00000] [id=9464]

Threads with active compile tasks:
C2 CompilerThread0  16396 2280   !   4       java.net.URLClassLoader$1::run (63 bytes)
C1 CompilerThread0  16396 2453       3       org.objectweb.asm.Frame::putAbstractType (379 bytes)

VM state:not at safepoint (normal execution)

VM Mutex/Monitor currently owned by a thread: None

Heap address: 0x0000000080000000, size: 2048 MB, Compressed Oops mode: 32-bit
Narrow klass base: 0x0000000000000000, Narrow klass shift: 3
Compressed class space size: 1073741824 Address: 0x0000000100000000

Heap:
 garbage-first heap   total 126976K, used 48436K [0x0000000080000000, 0x0000000100000000)
  region size 1024K, 33 young (33792K), 4 survivors (4096K)
 Metaspace       used 28242K, capacity 28868K, committed 29104K, reserved 1075200K
  class space    used 3744K, capacity 3976K, committed 4096K, reserved 1048576K
Heap Regions: E=young(eden), S=young(survivor), O=old, HS=humongous(starts), HC=humongous(continues), CS=collection set, F=free, A=archive, TAMS=top-at-mark-start (previous, next)
|   0|0x0000000080000000, 0x0000000080100000, 0x0000000080100000|100%| O|  |TAMS 0x0000000080100000, 0x0000000080000000| Untracked 
|   1|0x0000000080100000, 0x0000000080200000, 0x0000000080200000|100%| O|  |TAMS 0x0000000080200000, 0x0000000080100000| Untracked 
|   2|0x0000000080200000, 0x0000000080300000, 0x0000000080300000|100%| O|  |TAMS 0x0000000080300000, 0x0000000080200000| Untracked 
|   3|0x0000000080300000, 0x0000000080400000, 0x0000000080400000|100%|HS|  |TAMS 0x0000000080400000, 0x0000000080300000| Complete 
|   4|0x0000000080400000, 0x0000000080500000, 0x0000000080500000|100%|HC|  |TAMS 0x0000000080500000, 0x0000000080400000| Complete 
|   5|0x0000000080500000, 0x0000000080600000, 0x0000000080600000|100%|HC|  |TAMS 0x0000000080600000, 0x0000000080500000| Complete 
|   6|0x0000000080600000, 0x0000000080700000, 0x0000000080700000|100%| O|  |TAMS 0x0000000080700000, 0x0000000080600000| Untracked 
|   7|0x0000000080700000, 0x0000000080800000, 0x0000000080800000|100%| O|  |TAMS 0x0000000080800000, 0x0000000080700000| Untracked 
|   8|0x0000000080800000, 0x0000000080900000, 0x0000000080900000|100%| O|  |TAMS 0x0000000080900000, 0x0000000080800000| Untracked 
|   9|0x0000000080900000, 0x0000000080a00000, 0x0000000080a00000|100%| O|  |TAMS 0x0000000080a00000, 0x0000000080900000| Untracked 
|  10|0x0000000080a00000, 0x0000000080b00000, 0x0000000080b00000|100%| O|  |TAMS 0x0000000080b00000, 0x0000000080a00000| Untracked 
|  11|0x0000000080b00000, 0x0000000080c00000, 0x0000000080c00000|100%| O|  |TAMS 0x0000000080c00000, 0x0000000080b00000| Untracked 
|  12|0x0000000080c00000, 0x0000000080d00000, 0x0000000080d00000|100%| O|  |TAMS 0x0000000080d00000, 0x0000000080c00000| Untracked 
|  13|0x0000000080d00000, 0x0000000080e00000, 0x0000000080e00000|100%| O|  |TAMS 0x0000000080e00000, 0x0000000080d00000| Untracked 
|  14|0x0000000080e00000, 0x0000000080f00000, 0x0000000080f00000|100%| O|  |TAMS 0x0000000080f00000, 0x0000000080e00000| Untracked 
|  15|0x0000000080f00000, 0x0000000081000000, 0x0000000081000000|100%| O|  |TAMS 0x0000000081000000, 0x0000000080f00000| Untracked 
|  16|0x0000000081000000, 0x0000000081000000, 0x0000000081100000|  0%| F|  |TAMS 0x0000000081000000, 0x0000000081000000| Untracked 
|  17|0x0000000081100000, 0x0000000081100000, 0x0000000081200000|  0%| F|  |TAMS 0x0000000081100000, 0x0000000081100000| Untracked 
|  18|0x0000000081200000, 0x0000000081200000, 0x0000000081300000|  0%| F|  |TAMS 0x0000000081200000, 0x0000000081200000| Untracked 
|  19|0x0000000081300000, 0x0000000081300000, 0x0000000081400000|  0%| F|  |TAMS 0x0000000081300000, 0x0000000081300000| Untracked 
|  20|0x0000000081400000, 0x0000000081400000, 0x0000000081500000|  0%| F|  |TAMS 0x0000000081400000, 0x0000000081400000| Untracked 
|  21|0x0000000081500000, 0x0000000081500000, 0x0000000081600000|  0%| F|  |TAMS 0x0000000081500000, 0x0000000081500000| Untracked 
|  22|0x0000000081600000, 0x0000000081600000, 0x0000000081700000|  0%| F|  |TAMS 0x0000000081600000, 0x0000000081600000| Untracked 
|  23|0x0000000081700000, 0x0000000081700000, 0x0000000081800000|  0%| F|  |TAMS 0x0000000081700000, 0x0000000081700000| Untracked 
|  24|0x0000000081800000, 0x0000000081800000, 0x0000000081900000|  0%| F|  |TAMS 0x0000000081800000, 0x0000000081800000| Untracked 
|  25|0x0000000081900000, 0x0000000081900000, 0x0000000081a00000|  0%| F|  |TAMS 0x0000000081900000, 0x0000000081900000| Untracked 
|  26|0x0000000081a00000, 0x0000000081a00000, 0x0000000081b00000|  0%| F|  |TAMS 0x0000000081a00000, 0x0000000081a00000| Untracked 
|  27|0x0000000081b00000, 0x0000000081b00000, 0x0000000081c00000|  0%| F|  |TAMS 0x0000000081b00000, 0x0000000081b00000| Untracked 
|  28|0x0000000081c00000, 0x0000000081c00000, 0x0000000081d00000|  0%| F|  |TAMS 0x0000000081c00000, 0x0000000081c00000| Untracked 
|  29|0x0000000081d00000, 0x0000000081d00000, 0x0000000081e00000|  0%| F|  |TAMS 0x0000000081d00000, 0x0000000081d00000| Untracked 
|  30|0x0000000081e00000, 0x0000000081e00000, 0x0000000081f00000|  0%| F|  |TAMS 0x0000000081e00000, 0x0000000081e00000| Untracked 
|  31|0x0000000081f00000, 0x0000000081f00000, 0x0000000082000000|  0%| F|  |TAMS 0x0000000081f00000, 0x0000000081f00000| Untracked 
|  32|0x0000000082000000, 0x0000000082000000, 0x0000000082100000|  0%| F|  |TAMS 0x0000000082000000, 0x0000000082000000| Untracked 
|  33|0x0000000082100000, 0x0000000082100000, 0x0000000082200000|  0%| F|  |TAMS 0x0000000082100000, 0x0000000082100000| Untracked 
|  34|0x0000000082200000, 0x0000000082200000, 0x0000000082300000|  0%| F|  |TAMS 0x0000000082200000, 0x0000000082200000| Untracked 
|  35|0x0000000082300000, 0x0000000082300000, 0x0000000082400000|  0%| F|  |TAMS 0x0000000082300000, 0x0000000082300000| Untracked 
|  36|0x0000000082400000, 0x0000000082400000, 0x0000000082500000|  0%| F|  |TAMS 0x0000000082400000, 0x0000000082400000| Untracked 
|  37|0x0000000082500000, 0x0000000082500000, 0x0000000082600000|  0%| F|  |TAMS 0x0000000082500000, 0x0000000082500000| Untracked 
|  38|0x0000000082600000, 0x0000000082600000, 0x0000000082700000|  0%| F|  |TAMS 0x0000000082600000, 0x0000000082600000| Untracked 
|  39|0x0000000082700000, 0x0000000082700000, 0x0000000082800000|  0%| F|  |TAMS 0x0000000082700000, 0x0000000082700000| Untracked 
|  40|0x0000000082800000, 0x0000000082800000, 0x0000000082900000|  0%| F|  |TAMS 0x0000000082800000, 0x0000000082800000| Untracked 
|  41|0x0000000082900000, 0x0000000082900000, 0x0000000082a00000|  0%| F|  |TAMS 0x0000000082900000, 0x0000000082900000| Untracked 
|  42|0x0000000082a00000, 0x0000000082a00000, 0x0000000082b00000|  0%| F|  |TAMS 0x0000000082a00000, 0x0000000082a00000| Untracked 
|  43|0x0000000082b00000, 0x0000000082b00000, 0x0000000082c00000|  0%| F|  |TAMS 0x0000000082b00000, 0x0000000082b00000| Untracked 
|  44|0x0000000082c00000, 0x0000000082c00000, 0x0000000082d00000|  0%| F|  |TAMS 0x0000000082c00000, 0x0000000082c00000| Untracked 
|  45|0x0000000082d00000, 0x0000000082d00000, 0x0000000082e00000|  0%| F|  |TAMS 0x0000000082d00000, 0x0000000082d00000| Untracked 
|  46|0x0000000082e00000, 0x0000000082e00000, 0x0000000082f00000|  0%| F|  |TAMS 0x0000000082e00000, 0x0000000082e00000| Untracked 
|  47|0x0000000082f00000, 0x0000000082f00000, 0x0000000083000000|  0%| F|  |TAMS 0x0000000082f00000, 0x0000000082f00000| Untracked 
|  48|0x0000000083000000, 0x0000000083000000, 0x0000000083100000|  0%| F|  |TAMS 0x0000000083000000, 0x0000000083000000| Untracked 
|  49|0x0000000083100000, 0x0000000083100000, 0x0000000083200000|  0%| F|  |TAMS 0x0000000083100000, 0x0000000083100000| Untracked 
|  50|0x0000000083200000, 0x0000000083200000, 0x0000000083300000|  0%| F|  |TAMS 0x0000000083200000, 0x0000000083200000| Untracked 
|  51|0x0000000083300000, 0x0000000083300000, 0x0000000083400000|  0%| F|  |TAMS 0x0000000083300000, 0x0000000083300000| Untracked 
|  52|0x0000000083400000, 0x0000000083400000, 0x0000000083500000|  0%| F|  |TAMS 0x0000000083400000, 0x0000000083400000| Untracked 
|  53|0x0000000083500000, 0x0000000083500000, 0x0000000083600000|  0%| F|  |TAMS 0x0000000083500000, 0x0000000083500000| Untracked 
|  54|0x0000000083600000, 0x0000000083600000, 0x0000000083700000|  0%| F|  |TAMS 0x0000000083600000, 0x0000000083600000| Untracked 
|  55|0x0000000083700000, 0x0000000083700000, 0x0000000083800000|  0%| F|  |TAMS 0x0000000083700000, 0x0000000083700000| Untracked 
|  56|0x0000000083800000, 0x0000000083800000, 0x0000000083900000|  0%| F|  |TAMS 0x0000000083800000, 0x0000000083800000| Untracked 
|  57|0x0000000083900000, 0x0000000083900000, 0x0000000083a00000|  0%| F|  |TAMS 0x0000000083900000, 0x0000000083900000| Untracked 
|  58|0x0000000083a00000, 0x0000000083a00000, 0x0000000083b00000|  0%| F|  |TAMS 0x0000000083a00000, 0x0000000083a00000| Untracked 
|  59|0x0000000083b00000, 0x0000000083b00000, 0x0000000083c00000|  0%| F|  |TAMS 0x0000000083b00000, 0x0000000083b00000| Untracked 
|  60|0x0000000083c00000, 0x0000000083c00000, 0x0000000083d00000|  0%| F|  |TAMS 0x0000000083c00000, 0x0000000083c00000| Untracked 
|  61|0x0000000083d00000, 0x0000000083d00000, 0x0000000083e00000|  0%| F|  |TAMS 0x0000000083d00000, 0x0000000083d00000| Untracked 
|  62|0x0000000083e00000, 0x0000000083e00000, 0x0000000083f00000|  0%| F|  |TAMS 0x0000000083e00000, 0x0000000083e00000| Untracked 
|  63|0x0000000083f00000, 0x0000000083f00000, 0x0000000084000000|  0%| F|  |TAMS 0x0000000083f00000, 0x0000000083f00000| Untracked 
|  64|0x0000000084000000, 0x0000000084000000, 0x0000000084100000|  0%| F|  |TAMS 0x0000000084000000, 0x0000000084000000| Untracked 
|  65|0x0000000084100000, 0x0000000084100000, 0x0000000084200000|  0%| F|  |TAMS 0x0000000084100000, 0x0000000084100000| Untracked 
|  66|0x0000000084200000, 0x0000000084200000, 0x0000000084300000|  0%| F|  |TAMS 0x0000000084200000, 0x0000000084200000| Untracked 
|  67|0x0000000084300000, 0x0000000084300000, 0x0000000084400000|  0%| F|  |TAMS 0x0000000084300000, 0x0000000084300000| Untracked 
|  68|0x0000000084400000, 0x0000000084400000, 0x0000000084500000|  0%| F|  |TAMS 0x0000000084400000, 0x0000000084400000| Untracked 
|  69|0x0000000084500000, 0x0000000084500000, 0x0000000084600000|  0%| F|  |TAMS 0x0000000084500000, 0x0000000084500000| Untracked 
|  70|0x0000000084600000, 0x000000008464d130, 0x0000000084700000| 30%| S|CS|TAMS 0x0000000084600000, 0x0000000084600000| Complete 
|  71|0x0000000084700000, 0x0000000084800000, 0x0000000084800000|100%| S|CS|TAMS 0x0000000084700000, 0x0000000084700000| Complete 
|  72|0x0000000084800000, 0x0000000084900000, 0x0000000084900000|100%| S|CS|TAMS 0x0000000084800000, 0x0000000084800000| Complete 
|  73|0x0000000084900000, 0x0000000084a00000, 0x0000000084a00000|100%| S|CS|TAMS 0x0000000084900000, 0x0000000084900000| Complete 
|  74|0x0000000084a00000, 0x0000000084a00000, 0x0000000084b00000|  0%| F|  |TAMS 0x0000000084a00000, 0x0000000084a00000| Untracked 
|  75|0x0000000084b00000, 0x0000000084b00000, 0x0000000084c00000|  0%| F|  |TAMS 0x0000000084b00000, 0x0000000084b00000| Untracked 
|  76|0x0000000084c00000, 0x0000000084c00000, 0x0000000084d00000|  0%| F|  |TAMS 0x0000000084c00000, 0x0000000084c00000| Untracked 
|  77|0x0000000084d00000, 0x0000000084d00000, 0x0000000084e00000|  0%| F|  |TAMS 0x0000000084d00000, 0x0000000084d00000| Untracked 
|  78|0x0000000084e00000, 0x0000000084e00000, 0x0000000084f00000|  0%| F|  |TAMS 0x0000000084e00000, 0x0000000084e00000| Untracked 
|  79|0x0000000084f00000, 0x0000000084f00000, 0x0000000085000000|  0%| F|  |TAMS 0x0000000084f00000, 0x0000000084f00000| Untracked 
|  80|0x0000000085000000, 0x0000000085000000, 0x0000000085100000|  0%| F|  |TAMS 0x0000000085000000, 0x0000000085000000| Untracked 
|  81|0x0000000085100000, 0x0000000085100000, 0x0000000085200000|  0%| F|  |TAMS 0x0000000085100000, 0x0000000085100000| Untracked 
|  82|0x0000000085200000, 0x0000000085200000, 0x0000000085300000|  0%| F|  |TAMS 0x0000000085200000, 0x0000000085200000| Untracked 
|  83|0x0000000085300000, 0x0000000085300000, 0x0000000085400000|  0%| F|  |TAMS 0x0000000085300000, 0x0000000085300000| Untracked 
|  84|0x0000000085400000, 0x0000000085400000, 0x0000000085500000|  0%| F|  |TAMS 0x0000000085400000, 0x0000000085400000| Untracked 
|  85|0x0000000085500000, 0x0000000085500000, 0x0000000085600000|  0%| F|  |TAMS 0x0000000085500000, 0x0000000085500000| Untracked 
|  86|0x0000000085600000, 0x0000000085600000, 0x0000000085700000|  0%| F|  |TAMS 0x0000000085600000, 0x0000000085600000| Untracked 
|  87|0x0000000085700000, 0x0000000085700000, 0x0000000085800000|  0%| F|  |TAMS 0x0000000085700000, 0x0000000085700000| Untracked 
|  88|0x0000000085800000, 0x0000000085800000, 0x0000000085900000|  0%| F|  |TAMS 0x0000000085800000, 0x0000000085800000| Untracked 
|  89|0x0000000085900000, 0x0000000085900000, 0x0000000085a00000|  0%| F|  |TAMS 0x0000000085900000, 0x0000000085900000| Untracked 
|  90|0x0000000085a00000, 0x0000000085a00000, 0x0000000085b00000|  0%| F|  |TAMS 0x0000000085a00000, 0x0000000085a00000| Untracked 
|  91|0x0000000085b00000, 0x0000000085b00000, 0x0000000085c00000|  0%| F|  |TAMS 0x0000000085b00000, 0x0000000085b00000| Untracked 
|  92|0x0000000085c00000, 0x0000000085c00000, 0x0000000085d00000|  0%| F|  |TAMS 0x0000000085c00000, 0x0000000085c00000| Untracked 
|  93|0x0000000085d00000, 0x0000000085d00000, 0x0000000085e00000|  0%| F|  |TAMS 0x0000000085d00000, 0x0000000085d00000| Untracked 
|  94|0x0000000085e00000, 0x0000000085e00000, 0x0000000085f00000|  0%| F|  |TAMS 0x0000000085e00000, 0x0000000085e00000| Untracked 
|  95|0x0000000085f00000, 0x0000000085f80800, 0x0000000086000000| 50%| E|  |TAMS 0x0000000085f00000, 0x0000000085f00000| Complete 
|  96|0x0000000086000000, 0x0000000086100000, 0x0000000086100000|100%| E|CS|TAMS 0x0000000086000000, 0x0000000086000000| Complete 
|  97|0x0000000086100000, 0x0000000086200000, 0x0000000086200000|100%| E|CS|TAMS 0x0000000086100000, 0x0000000086100000| Complete 
|  98|0x0000000086200000, 0x0000000086300000, 0x0000000086300000|100%| E|CS|TAMS 0x0000000086200000, 0x0000000086200000| Complete 
|  99|0x0000000086300000, 0x0000000086400000, 0x0000000086400000|100%| E|CS|TAMS 0x0000000086300000, 0x0000000086300000| Complete 
| 100|0x0000000086400000, 0x0000000086500000, 0x0000000086500000|100%| E|CS|TAMS 0x0000000086400000, 0x0000000086400000| Complete 
| 101|0x0000000086500000, 0x0000000086600000, 0x0000000086600000|100%| E|CS|TAMS 0x0000000086500000, 0x0000000086500000| Complete 
| 102|0x0000000086600000, 0x0000000086700000, 0x0000000086700000|100%| E|CS|TAMS 0x0000000086600000, 0x0000000086600000| Complete 
| 103|0x0000000086700000, 0x0000000086800000, 0x0000000086800000|100%| E|CS|TAMS 0x0000000086700000, 0x0000000086700000| Complete 
| 104|0x0000000086800000, 0x0000000086900000, 0x0000000086900000|100%| E|CS|TAMS 0x0000000086800000, 0x0000000086800000| Complete 
| 105|0x0000000086900000, 0x0000000086a00000, 0x0000000086a00000|100%| E|CS|TAMS 0x0000000086900000, 0x0000000086900000| Complete 
| 106|0x0000000086a00000, 0x0000000086b00000, 0x0000000086b00000|100%| E|CS|TAMS 0x0000000086a00000, 0x0000000086a00000| Complete 
| 107|0x0000000086b00000, 0x0000000086c00000, 0x0000000086c00000|100%| E|CS|TAMS 0x0000000086b00000, 0x0000000086b00000| Complete 
| 108|0x0000000086c00000, 0x0000000086d00000, 0x0000000086d00000|100%| E|CS|TAMS 0x0000000086c00000, 0x0000000086c00000| Complete 
| 109|0x0000000086d00000, 0x0000000086e00000, 0x0000000086e00000|100%| E|CS|TAMS 0x0000000086d00000, 0x0000000086d00000| Complete 
| 110|0x0000000086e00000, 0x0000000086f00000, 0x0000000086f00000|100%| E|CS|TAMS 0x0000000086e00000, 0x0000000086e00000| Complete 
| 111|0x0000000086f00000, 0x0000000087000000, 0x0000000087000000|100%| E|CS|TAMS 0x0000000086f00000, 0x0000000086f00000| Complete 
| 112|0x0000000087000000, 0x0000000087100000, 0x0000000087100000|100%| E|CS|TAMS 0x0000000087000000, 0x0000000087000000| Complete 
| 113|0x0000000087100000, 0x0000000087200000, 0x0000000087200000|100%| E|CS|TAMS 0x0000000087100000, 0x0000000087100000| Complete 
| 114|0x0000000087200000, 0x0000000087300000, 0x0000000087300000|100%| E|CS|TAMS 0x0000000087200000, 0x0000000087200000| Complete 
| 115|0x0000000087300000, 0x0000000087400000, 0x0000000087400000|100%| E|CS|TAMS 0x0000000087300000, 0x0000000087300000| Complete 
| 116|0x0000000087400000, 0x0000000087500000, 0x0000000087500000|100%| E|CS|TAMS 0x0000000087400000, 0x0000000087400000| Complete 
| 117|0x0000000087500000, 0x0000000087600000, 0x0000000087600000|100%| E|CS|TAMS 0x0000000087500000, 0x0000000087500000| Complete 
| 118|0x0000000087600000, 0x0000000087700000, 0x0000000087700000|100%| E|CS|TAMS 0x0000000087600000, 0x0000000087600000| Complete 
| 119|0x0000000087700000, 0x0000000087800000, 0x0000000087800000|100%| E|CS|TAMS 0x0000000087700000, 0x0000000087700000| Complete 
| 120|0x0000000087800000, 0x0000000087900000, 0x0000000087900000|100%| E|CS|TAMS 0x0000000087800000, 0x0000000087800000| Complete 
| 121|0x0000000087900000, 0x0000000087a00000, 0x0000000087a00000|100%| E|CS|TAMS 0x0000000087900000, 0x0000000087900000| Complete 
| 122|0x0000000087a00000, 0x0000000087b00000, 0x0000000087b00000|100%| E|CS|TAMS 0x0000000087a00000, 0x0000000087a00000| Complete 
| 123|0x0000000087b00000, 0x0000000087c00000, 0x0000000087c00000|100%| E|CS|TAMS 0x0000000087b00000, 0x0000000087b00000| Complete 

Card table byte_map: [0x000001f3a96b0000,0x000001f3a9ab0000] _byte_map_base: 0x000001f3a92b0000

Marking Bits (Prev, Next): (CMBitMap*) 0x000001f394a1b300, (CMBitMap*) 0x000001f394a1b2c8
 Prev Bits: [0x000001f3abeb0000, 0x000001f3adeb0000)
 Next Bits: [0x000001f3a9eb0000, 0x000001f3abeb0000)

Polling page: 0x000001f394890000

Metaspace:

Usage:
  Non-class:     24.31 MB capacity,    23.94 MB ( 98%) used,   320.99 KB (  1%) free+waste,    54.81 KB ( <1%) overhead. 
      Class:      3.88 MB capacity,     3.66 MB ( 94%) used,   199.66 KB (  5%) free+waste,    27.50 KB ( <1%) overhead. 
       Both:     28.19 MB capacity,    27.60 MB ( 98%) used,   520.65 KB (  2%) free+waste,    82.31 KB ( <1%) overhead. 

Virtual space:
  Non-class space:       26.00 MB reserved,      24.42 MB ( 94%) committed 
      Class space:        1.00 GB reserved,       4.00 MB ( <1%) committed 
             Both:        1.03 GB reserved,      28.42 MB (  3%) committed 

Chunk freelists:
   Non-Class:  52.00 KB
       Class:  24.00 KB
        Both:  76.00 KB

MaxMetaspaceSize: 17179869184.00 GB
CompressedClassSpaceSize: 1.00 GB

CodeHeap 'non-profiled nmethods': size=120064Kb used=1195Kb max_used=1195Kb free=118868Kb
 bounds [0x000001f3a1750000, 0x000001f3a19c0000, 0x000001f3a8c90000]
CodeHeap 'profiled nmethods': size=120000Kb used=5297Kb max_used=5297Kb free=114702Kb
 bounds [0x000001f39a220000, 0x000001f39a750000, 0x000001f3a1750000]
CodeHeap 'non-nmethods': size=5696Kb used=1168Kb max_used=1204Kb free=4527Kb
 bounds [0x000001f399c90000, 0x000001f399f00000, 0x000001f39a220000]
 total_blobs=2942 nmethods=2439 adapters=414
 compilation: enabled
              stopped_count=0, restarted_count=0
 full_count=0

Compilation events (20 events):
Event: 16.308 Thread 0x000001f3b0513000 2427       3       org.objectweb.asm.MethodWriter::visitMaxs (60 bytes)
Event: 16.309 Thread 0x000001f3b0513000 nmethod 2427 0x000001f39a73cc90 code [0x000001f39a73ce60, 0x000001f39a73d0d8]
Event: 16.309 Thread 0x000001f3b0513000 2429       3       org.objectweb.asm.AnnotationWriter::putAnnotations (67 bytes)
Event: 16.310 Thread 0x000001f3b0513000 nmethod 2429 0x000001f39a73d190 code [0x000001f39a73d3c0, 0x000001f39a73d7f8]
Event: 16.310 Thread 0x000001f3b0513000 2430       1       com.google.common.cache.CacheBuilder::getStatsCounterSupplier (5 bytes)
Event: 16.310 Thread 0x000001f3b0513000 nmethod 2430 0x000001f3a187a390 code [0x000001f3a187a540, 0x000001f3a187a5f8]
Event: 16.316 Thread 0x000001f3b0513000 2431       3       jdk.internal.reflect.ReflectionFactory::copyField (10 bytes)
Event: 16.316 Thread 0x000001f3b0513000 nmethod 2431 0x000001f39a73da90 code [0x000001f39a73dc80, 0x000001f39a73df88]
Event: 16.317 Thread 0x000001f3b0513000 2432       3       java.lang.reflect.Field::<init> (44 bytes)
Event: 16.317 Thread 0x000001f3b0513000 nmethod 2432 0x000001f39a73e110 code [0x000001f39a73e2e0, 0x000001f39a73e698]
Event: 16.318 Thread 0x000001f3b0513000 2433       3       org.gradle.internal.instantiation.generator.AbstractClassGenerator$ClassGenerationHandler::visitProperty (1 bytes)
Event: 16.318 Thread 0x000001f3b0513000 nmethod 2433 0x000001f39a73e790 code [0x000001f39a73e940, 0x000001f39a73ea38]
Event: 16.318 Thread 0x000001f3b0513000 2434       3       java.util.regex.Pattern$LastNode::match (45 bytes)
Event: 16.319 Thread 0x000001f3b0513000 nmethod 2434 0x000001f39a73eb10 code [0x000001f39a73ecc0, 0x000001f39a73eeb8]
Event: 16.320 Thread 0x000001f3b0513000 2435       3       org.objectweb.asm.MethodWriter::visitInsn (115 bytes)
Event: 16.321 Thread 0x000001f3b0513000 nmethod 2435 0x000001f39a73f010 code [0x000001f39a73f200, 0x000001f39a73f688]
Event: 16.321 Thread 0x000001f3b0513000 2436       3       org.objectweb.asm.AnnotationWriter::computeAnnotationsSize (66 bytes)
Event: 16.322 Thread 0x000001f3b0513000 nmethod 2436 0x000001f39a73f810 code [0x000001f39a73fa00, 0x000001f39a73fd18]
Event: 16.322 Thread 0x000001f3b0513000 2437       3       org.objectweb.asm.Attribute::putAttributes (78 bytes)
Event: 16.323 Thread 0x000001f3b0513000 nmethod 2437 0x000001f39a73ff10 code [0x000001f39a740180, 0x000001f39a740698]

GC Heap History (12 events):
Event: 3.044 GC heap before
{Heap before GC invocations=0 (full 0):
 garbage-first heap   total 126976K, used 19456K [0x0000000080000000, 0x0000000100000000)
  region size 1024K, 14 young (14336K), 0 survivors (0K)
 Metaspace       used 6764K, capacity 6937K, committed 7168K, reserved 1056768K
  class space    used 584K, capacity 650K, committed 768K, reserved 1048576K
}
Event: 3.067 GC heap after
{Heap after GC invocations=1 (full 0):
 garbage-first heap   total 126976K, used 7884K [0x0000000080000000, 0x0000000100000000)
  region size 1024K, 2 young (2048K), 2 survivors (2048K)
 Metaspace       used 6764K, capacity 6937K, committed 7168K, reserved 1056768K
  class space    used 584K, capacity 650K, committed 768K, reserved 1048576K
}
Event: 4.643 GC heap before
{Heap before GC invocations=1 (full 0):
 garbage-first heap   total 126976K, used 19148K [0x0000000080000000, 0x0000000100000000)
  region size 1024K, 13 young (13312K), 2 survivors (2048K)
 Metaspace       used 10305K, capacity 10565K, committed 10624K, reserved 1058816K
  class space    used 1073K, capacity 1139K, committed 1152K, reserved 1048576K
}
Event: 4.654 GC heap after
{Heap after GC invocations=2 (full 0):
 garbage-first heap   total 126976K, used 9673K [0x0000000080000000, 0x0000000100000000)
  region size 1024K, 2 young (2048K), 2 survivors (2048K)
 Metaspace       used 10305K, capacity 10565K, committed 10624K, reserved 1058816K
  class space    used 1073K, capacity 1139K, committed 1152K, reserved 1048576K
}
Event: 7.366 GC heap before
{Heap before GC invocations=2 (full 0):
 garbage-first heap   total 126976K, used 33225K [0x0000000080000000, 0x0000000100000000)
  region size 1024K, 26 young (26624K), 2 survivors (2048K)
 Metaspace       used 11238K, capacity 11520K, committed 11776K, reserved 1060864K
  class space    used 1176K, capacity 1244K, committed 1280K, reserved 1048576K
}
Event: 7.375 GC heap after
{Heap after GC invocations=3 (full 0):
 garbage-first heap   total 126976K, used 10507K [0x0000000080000000, 0x0000000100000000)
  region size 1024K, 3 young (3072K), 3 survivors (3072K)
 Metaspace       used 11238K, capacity 11520K, committed 11776K, reserved 1060864K
  class space    used 1176K, capacity 1244K, committed 1280K, reserved 1048576K
}
Event: 11.317 GC heap before
{Heap before GC invocations=3 (full 0):
 garbage-first heap   total 126976K, used 47371K [0x0000000080000000, 0x0000000100000000)
  region size 1024K, 39 young (39936K), 3 survivors (3072K)
 Metaspace       used 16390K, capacity 16788K, committed 16896K, reserved 1064960K
  class space    used 1880K, capacity 2002K, committed 2048K, reserved 1048576K
}
Event: 11.341 GC heap after
{Heap after GC invocations=4 (full 0):
 garbage-first heap   total 126976K, used 16043K [0x0000000080000000, 0x0000000100000000)
  region size 1024K, 5 young (5120K), 5 survivors (5120K)
 Metaspace       used 16390K, capacity 16788K, committed 16896K, reserved 1064960K
  class space    used 1880K, capacity 2002K, committed 2048K, reserved 1048576K
}
Event: 13.034 GC heap before
{Heap before GC invocations=4 (full 0):
 garbage-first heap   total 126976K, used 51883K [0x0000000080000000, 0x0000000100000000)
  region size 1024K, 41 young (41984K), 5 survivors (5120K)
 Metaspace       used 20705K, capacity 21180K, committed 21296K, reserved 1069056K
  class space    used 2535K, capacity 2660K, committed 2688K, reserved 1048576K
}
Event: 13.050 GC heap after
{Heap after GC invocations=5 (full 0):
 garbage-first heap   total 126976K, used 17883K [0x0000000080000000, 0x0000000100000000)
  region size 1024K, 2 young (2048K), 2 survivors (2048K)
 Metaspace       used 20705K, capacity 21180K, committed 21296K, reserved 1069056K
  class space    used 2535K, capacity 2660K, committed 2688K, reserved 1048576K
}
Event: 15.249 GC heap before
{Heap before GC invocations=6 (full 0):
 garbage-first heap   total 126976K, used 67035K [0x0000000080000000, 0x0000000100000000)
  region size 1024K, 50 young (51200K), 2 survivors (2048K)
 Metaspace       used 25803K, capacity 26409K, committed 26544K, reserved 1073152K
  class space    used 3365K, capacity 3580K, committed 3584K, reserved 1048576K
}
Event: 15.266 GC heap after
{Heap after GC invocations=7 (full 0):
 garbage-first heap   total 126976K, used 19764K [0x0000000080000000, 0x0000000100000000)
  region size 1024K, 4 young (4096K), 4 survivors (4096K)
 Metaspace       used 25803K, capacity 26409K, committed 26544K, reserved 1073152K
  class space    used 3365K, capacity 3580K, committed 3584K, reserved 1048576K
}

Deoptimization events (20 events):
Event: 15.126 Thread 0x000001f3b27b2800 Uncommon trap: trap_request=0xffffff7e fr.pc=0x000001f3a185d310 relative=0x0000000000000150
Event: 15.126 Thread 0x000001f3b27b2800 Uncommon trap: reason=predicate action=maybe_recompile pc=0x000001f3a185d310 method=com.google.common.base.CharMatcher.indexIn(Ljava/lang/CharSequence;I)I @ 19 c2
Event: 15.126 Thread 0x000001f3b27b2800 DEOPT PACKING pc=0x000001f3a185d310 sp=0x0000002b90ffb500
Event: 15.126 Thread 0x000001f3b27b2800 DEOPT UNPACKING pc=0x000001f399c983af sp=0x0000002b90ffb490 mode 2
Event: 15.168 Thread 0x000001f3b27b2800 Uncommon trap: trap_request=0xffffff4d fr.pc=0x000001f3a17fa1b4 relative=0x0000000000001374
Event: 15.168 Thread 0x000001f3b27b2800 Uncommon trap: reason=unstable_if action=reinterpret pc=0x000001f3a17fa1b4 method=java.util.concurrent.ConcurrentHashMap.putVal(Ljava/lang/Object;Ljava/lang/Object;Z)Ljava/lang/Object; @ 231 c2
Event: 15.168 Thread 0x000001f3b27b2800 DEOPT PACKING pc=0x000001f3a17fa1b4 sp=0x0000002b90ffc5d0
Event: 15.168 Thread 0x000001f3b27b2800 DEOPT UNPACKING pc=0x000001f399c983af sp=0x0000002b90ffc550 mode 2
Event: 15.233 Thread 0x000001f3b27b2800 Uncommon trap: trap_request=0xffffffde fr.pc=0x000001f3a185dd24 relative=0x00000000000002e4
Event: 15.233 Thread 0x000001f3b27b2800 Uncommon trap: reason=class_check action=maybe_recompile pc=0x000001f3a185dd24 method=java.util.Collections$SetFromMap.remove(Ljava/lang/Object;)Z @ 5 c2
Event: 15.233 Thread 0x000001f3b27b2800 DEOPT PACKING pc=0x000001f3a185dd24 sp=0x0000002b90ffc5b0
Event: 15.233 Thread 0x000001f3b27b2800 DEOPT UNPACKING pc=0x000001f399c983af sp=0x0000002b90ffc5a8 mode 2
Event: 15.233 Thread 0x000001f3b27b2800 Uncommon trap: trap_request=0xffffffde fr.pc=0x000001f3a185dd24 relative=0x00000000000002e4
Event: 15.233 Thread 0x000001f3b27b2800 Uncommon trap: reason=class_check action=maybe_recompile pc=0x000001f3a185dd24 method=java.util.Collections$SetFromMap.remove(Ljava/lang/Object;)Z @ 5 c2
Event: 15.233 Thread 0x000001f3b27b2800 DEOPT PACKING pc=0x000001f3a185dd24 sp=0x0000002b90ffc540
Event: 15.233 Thread 0x000001f3b27b2800 DEOPT UNPACKING pc=0x000001f399c983af sp=0x0000002b90ffc538 mode 2
Event: 15.953 Thread 0x000001f3b27b2800 Uncommon trap: trap_request=0xffffff4d fr.pc=0x000001f3a182edcc relative=0x000000000000020c
Event: 15.953 Thread 0x000001f3b27b2800 Uncommon trap: reason=unstable_if action=reinterpret pc=0x000001f3a182edcc method=java.util.HashMap.hash(Ljava/lang/Object;)I @ 1 c2
Event: 15.953 Thread 0x000001f3b27b2800 DEOPT PACKING pc=0x000001f3a182edcc sp=0x0000002b90ff8f20
Event: 15.953 Thread 0x000001f3b27b2800 DEOPT UNPACKING pc=0x000001f399c983af sp=0x0000002b90ff8e58 mode 2

Classes redefined (0 events):
No events

Internal exceptions (20 events):
Event: 13.169 Thread 0x000001f3b27b2800 Exception <a 'java/lang/NoSuchMethodError'{0x0000000087ab2a18}: 'java.lang.Object java.lang.invoke.DirectMethodHandle$Holder.invokeInterface(java.lang.Object, java.lang.Object, java.lang.Object)'> (0x0000000087ab2a18) thrown at [./src/hotspot/share/interpreter/linkResolver.cpp, line 773]
Event: 13.169 Thread 0x000001f3b27b2800 Exception <a 'java/lang/IncompatibleClassChangeError'{0x0000000087ab5ef0}: Found class java.lang.Object, but interface was expected> (0x0000000087ab5ef0) thrown at [./src/hotspot/share/interpreter/linkResolver.cpp, line 839]
Event: 13.258 Thread 0x000001f3b27b2800 Exception <a 'java/lang/NoSuchMethodError'{0x00000000878b2408}: 'void java.lang.invoke.DirectMethodHandle$Holder.invokeStatic(java.lang.Object, java.lang.Object, java.lang.Object, java.lang.Object, java.lang.Object)'> (0x00000000878b2408) thrown at [./src/hotspot/share/interpreter/linkResolver.cpp, line 773]
Event: 13.490 Thread 0x000001f3b27b2800 Exception <a 'java/lang/NoSuchMethodError'{0x00000000871b34e0}: 'java.lang.Object java.lang.invoke.DirectMethodHandle$Holder.invokeSpecial(java.lang.Object, java.lang.Object, java.lang.Object, java.lang.Object, java.lang.Object, java.lang.Object, java.lang.Object, java.lang.Object, java.lang.Object)'> (0x00000000871b34e0) thrown at [./src/hotspot/share/interpreter/linkResolver.cpp, line 773]
Event: 13.861 Thread 0x000001f3b27b2800 Exception <a 'java/lang/NoSuchMethodError'{0x000000008673a470}: 'java.lang.Object java.lang.invoke.DirectMethodHandle$Holder.invokeVirtual(java.lang.Object, java.lang.Object, java.lang.Object, java.lang.Object)'> (0x000000008673a470) thrown at [./src/hotspot/share/interpreter/linkResolver.cpp, line 773]
Event: 14.260 Thread 0x000001f3b27b2800 Exception <a 'java/lang/NoSuchMethodError'{0x00000000861e0ba8}: 'void java.lang.invoke.DirectMethodHandle$Holder.invokeSpecial(java.lang.Object, java.lang.Object, java.lang.Object, java.lang.Object, java.lang.Object, java.lang.Object)'> (0x00000000861e0ba8) thrown at [./src/hotspot/share/interpreter/linkResolver.cpp, line 773]
Event: 14.317 Thread 0x000001f3b27b2800 Exception <a 'java/lang/NoSuchMethodError'{0x000000008604fe98}: 'void java.lang.invoke.DirectMethodHandle$Holder.invokeSpecial(java.lang.Object, java.lang.Object, java.lang.Object, java.lang.Object, java.lang.Object, java.lang.Object, java.lang.Object)'> (0x000000008604fe98) thrown at [./src/hotspot/share/interpreter/linkResolver.cpp, line 773]
Event: 14.320 Thread 0x000001f3b27b2800 Exception <a 'java/lang/NoSuchMethodError'{0x0000000086058388}: 'java.lang.Object java.lang.invoke.Invokers$Holder.linkToTargetMethod(java.lang.Object, java.lang.Object, java.lang.Object, java.lang.Object, java.lang.Object, java.lang.Object)'> (0x0000000086058388) thrown at [./src/hotspot/share/interpreter/linkResolver.cpp, line 773]
Event: 14.638 Thread 0x000001f3b27b2800 Exception <a 'java/lang/NoSuchMethodError'{0x0000000085583188}: 'int java.lang.invoke.DirectMethodHandle$Holder.invokeStaticInit(java.lang.Object, java.lang.Object, java.lang.Object)'> (0x0000000085583188) thrown at [./src/hotspot/share/interpreter/linkResolver.cpp, line 773]
Event: 14.906 Thread 0x000001f3b27b2800 Exception <a 'java/lang/NoSuchMethodError'{0x00000000850b13b0}: 'void java.lang.invoke.DirectMethodHandle$Holder.invokeStaticInit(java.lang.Object, java.lang.Object)'> (0x00000000850b13b0) thrown at [./src/hotspot/share/interpreter/linkResolver.cpp, line 773]
Event: 15.211 Thread 0x000001f3b27b2800 Exception <a 'java/lang/NoSuchMethodError'{0x0000000084a05050}: 'void java.lang.invoke.DirectMethodHandle$Holder.invokeStatic(java.lang.Object, java.lang.Object, java.lang.Object, java.lang.Object)'> (0x0000000084a05050) thrown at [./src/hotspot/share/interpreter/linkResolver.cpp, line 773]
Event: 15.218 Thread 0x000001f3b27b2800 Exception <a 'java/lang/NoSuchMethodError'{0x0000000084a18ab0}: 'int java.lang.invoke.DirectMethodHandle$Holder.invokeInterface(java.lang.Object, java.lang.Object)'> (0x0000000084a18ab0) thrown at [./src/hotspot/share/interpreter/linkResolver.cpp, line 773]
Event: 15.574 Thread 0x000001f3b27b2800 Exception <a 'java/lang/NoSuchMethodError'{0x00000000872af358}: 'java.lang.Object java.lang.invoke.DirectMethodHandle$Holder.invokeSpecialIFC(java.lang.Object, java.lang.Object, java.lang.Object, java.lang.Object)'> (0x00000000872af358) thrown at [./src/hotspot/share/interpreter/linkResolver.cpp, line 773]
Event: 15.600 Thread 0x000001f3b27b2800 Exception <a 'java/lang/NoSuchMethodError'{0x000000008718a3e0}: 'java.lang.Object java.lang.invoke.DirectMethodHandle$Holder.invokeSpecial(java.lang.Object, java.lang.Object, java.lang.Object, java.lang.Object, java.lang.Object, java.lang.Object, java.lang.Object, java.lang.Object, java.lang.Object, java.lang.Object, java.lang.Object, java.lang.Object, java.lang.Object)'> (0x000000008718a3e0) thrown at [./src/hotspot/share/interpreter/linkResolver.cpp, line 773]
Event: 15.602 Thread 0x000001f3b27b2800 Exception <a 'java/lang/NoSuchMethodError'{0x000000008719b240}: 'java.lang.Object java.lang.invoke.DirectMethodHandle$Holder.invokeSpecial(java.lang.Object, java.lang.Object, java.lang.Object, java.lang.Object, java.lang.Object, java.lang.Object, java.lang.Object, java.lang.Object, java.lang.Object, java.lang.Object, java.lang.Object, java.lang.Object)'> (0x000000008719b240) thrown at [./src/hotspot/share/interpreter/linkResolver.cpp, line 773]
Event: 15.603 Thread 0x000001f3b27b2800 Exception <a 'java/lang/NoSuchMethodError'{0x00000000871a0368}: 'java.lang.Object java.lang.invoke.Invokers$Holder.linkToTargetMethod(java.lang.Object, java.lang.Object, java.lang.Object, java.lang.Object, java.lang.Object, java.lang.Object, java.lang.Object, java.lang.Object, java.lang.Object, java.lang.Object, java.lang.Object)'> (0x00000000871a0368) thrown at [./src/hotspot/share/interpreter/linkResolver.cpp, line 773]
Event: 15.633 Thread 0x000001f3b27b2800 Exception <a 'java/lang/NoSuchMethodError'{0x00000000870e0ec0}: 'java.lang.Object java.lang.invoke.DirectMethodHandle$Holder.invokeSpecial(java.lang.Object, java.lang.Object, java.lang.Object, java.lang.Object, java.lang.Object, java.lang.Object, java.lang.Object, java.lang.Object, java.lang.Object, java.lang.Object, java.lang.Object, java.lang.Object, java.lang.Object, java.lang.Object)'> (0x00000000870e0ec0) thrown at [./src/hotspot/share/interpreter/linkResolver.cpp, line 773]
Event: 15.635 Thread 0x000001f3b27b2800 Exception <a 'java/lang/NoSuchMethodError'{0x00000000870f2538}: 'java.lang.Object java.lang.invoke.Invokers$Holder.linkToTargetMethod(java.lang.Object, java.lang.Object, java.lang.Object, java.lang.Object, java.lang.Object, java.lang.Object, java.lang.Object, java.lang.Object, java.lang.Object, java.lang.Object, java.lang.Object, java.lang.Object)'> (0x00000000870f2538) thrown at [./src/hotspot/share/interpreter/linkResolver.cpp, line 773]
Event: 15.650 Thread 0x000001f3b27b2800 Exception <a 'java/lang/NoSuchMethodError'{0x0000000086f84a88}: 'java.lang.Object java.lang.invoke.DirectMethodHandle$Holder.invokeStaticInit(java.lang.Object, java.lang.Object, java.lang.Object, java.lang.Object)'> (0x0000000086f84a88) thrown at [./src/hotspot/share/interpreter/linkResolver.cpp, line 773]
Event: 15.953 Thread 0x000001f3b27b2800 Implicit null exception at 0x000001f3a182ebf5 to 0x000001f3a182edbc

Events (20 events):
Event: 16.303 loading class org/gradle/api/attributes/Category
Event: 16.303 loading class org/gradle/api/attributes/Category done
Event: 16.306 loading class org/gradle/api/internal/artifacts/ComponentMetadataProcessor
Event: 16.306 loading class org/gradle/api/internal/artifacts/ComponentMetadataProcessor done
Event: 16.307 loading class org/gradle/internal/rules/RuleActionValidator
Event: 16.307 loading class org/gradle/internal/rules/RuleActionValidator done
Event: 16.308 loading class org/gradle/internal/rules/RuleActionAdapter
Event: 16.308 loading class org/gradle/internal/rules/RuleActionAdapter done
Event: 16.310 loading class org/gradle/api/internal/artifacts/dsl/SpecConfigurableRule
Event: 16.310 loading class org/gradle/api/internal/artifacts/dsl/SpecConfigurableRule done
Event: 16.311 loading class org/gradle/internal/rules/SpecRuleAction
Event: 16.311 loading class org/gradle/internal/rules/SpecRuleAction done
Event: 16.311 loading class org/gradle/internal/rules/RuleAction
Event: 16.311 loading class org/gradle/internal/rules/RuleAction done
Event: 16.312 loading class org/gradle/internal/action/ConfigurableRule
Event: 16.312 loading class org/gradle/internal/action/ConfigurableRule done
Event: 16.313 loading class org/gradle/api/internal/artifacts/dsl/ComponentMetadataRuleContainer
Event: 16.313 loading class org/gradle/api/internal/artifacts/dsl/ComponentMetadataRuleContainer done
Event: 16.323 loading class org/gradle/internal/rules/DefaultRuleActionValidator
Event: 16.323 loading class org/gradle/internal/rules/DefaultRuleActionValidator done


Dynamic libraries:
0x00007ff6fef50000 - 0x00007ff6fef5a000 	C:\Program Files\Android\Android Studio\jre\bin\java.exe
0x00007fff78e30000 - 0x00007fff79025000 	C:\Windows\SYSTEM32\ntdll.dll
0x00007fff78190000 - 0x00007fff7824e000 	C:\Windows\System32\KERNEL32.DLL
0x00007fff76bc0000 - 0x00007fff76e88000 	C:\Windows\System32\KERNELBASE.dll
0x00007fff76900000 - 0x00007fff76a00000 	C:\Windows\System32\ucrtbase.dll
0x00007fff60c60000 - 0x00007fff60c79000 	C:\Program Files\Android\Android Studio\jre\bin\jli.dll
0x00007fff78250000 - 0x00007fff783f0000 	C:\Windows\System32\USER32.dll
0x00007fff76a00000 - 0x00007fff76a22000 	C:\Windows\System32\win32u.dll
0x00007fff76e90000 - 0x00007fff76ebb000 	C:\Windows\System32\GDI32.dll
0x00007fff767f0000 - 0x00007fff768fb000 	C:\Windows\System32\gdi32full.dll
0x00007fff60980000 - 0x00007fff60997000 	C:\Program Files\Android\Android Studio\jre\bin\VCRUNTIME140.dll
0x00007fff76550000 - 0x00007fff765ed000 	C:\Windows\System32\msvcp_win.dll
0x00007fff5dfc0000 - 0x00007fff5e25a000 	C:\Windows\WinSxS\amd64_microsoft.windows.common-controls_6595b64144ccf1df_6.0.19041.1110_none_60b5254171f9507e\COMCTL32.dll
0x00007fff76ec0000 - 0x00007fff76f5e000 	C:\Windows\System32\msvcrt.dll
0x00007fff77f50000 - 0x00007fff77f80000 	C:\Windows\System32\IMM32.DLL
0x00007fff2bab0000 - 0x00007fff2bb4d000 	C:\Program Files\Android\Android Studio\jre\bin\msvcp140.dll
0x00007fff28d80000 - 0x00007fff29855000 	C:\Program Files\Android\Android Studio\jre\bin\server\jvm.dll
0x00007fff780e0000 - 0x00007fff7818e000 	C:\Windows\System32\ADVAPI32.dll
0x00007fff775c0000 - 0x00007fff7765c000 	C:\Windows\System32\sechost.dll
0x00007fff77db0000 - 0x00007fff77ed5000 	C:\Windows\System32\RPCRT4.dll
0x00007fff775b0000 - 0x00007fff775b8000 	C:\Windows\System32\PSAPI.DLL
0x00007fff65ea0000 - 0x00007fff65ea9000 	C:\Windows\SYSTEM32\WSOCK32.dll
0x00007fff77ee0000 - 0x00007fff77f4b000 	C:\Windows\System32\WS2_32.dll
0x00007fff53cd0000 - 0x00007fff53cf7000 	C:\Windows\SYSTEM32\WINMM.dll
0x00007fff6e8f0000 - 0x00007fff6e8fa000 	C:\Windows\SYSTEM32\VERSION.dll
0x00007fff74df0000 - 0x00007fff74e02000 	C:\Windows\SYSTEM32\kernel.appcore.dll
0x00007fff702e0000 - 0x00007fff702f1000 	C:\Program Files\Android\Android Studio\jre\bin\verify.dll
0x00007fff74b00000 - 0x00007fff74ce4000 	C:\Windows\SYSTEM32\DBGHELP.DLL
0x00007fff68120000 - 0x00007fff6814c000 	C:\Windows\SYSTEM32\dbgcore.DLL
0x00007fff765f0000 - 0x00007fff76672000 	C:\Windows\System32\bcryptPrimitives.dll
0x00007fff61160000 - 0x00007fff61189000 	C:\Program Files\Android\Android Studio\jre\bin\java.dll
0x00007fff73390000 - 0x00007fff7339b000 	C:\Program Files\Android\Android Studio\jre\bin\jimage.dll
0x00007fff66d10000 - 0x00007fff66d28000 	C:\Program Files\Android\Android Studio\jre\bin\zip.dll
0x00007fff78520000 - 0x00007fff78c64000 	C:\Windows\System32\SHELL32.dll
0x00007fff74290000 - 0x00007fff74a24000 	C:\Windows\SYSTEM32\windows.storage.dll
0x00007fff77740000 - 0x00007fff77a94000 	C:\Windows\System32\combase.dll
0x00007fff75ee0000 - 0x00007fff75f0c000 	C:\Windows\SYSTEM32\Wldp.dll
0x00007fff78030000 - 0x00007fff780dd000 	C:\Windows\System32\SHCORE.dll
0x00007fff77c60000 - 0x00007fff77cb5000 	C:\Windows\System32\shlwapi.dll
0x00007fff76490000 - 0x00007fff764af000 	C:\Windows\SYSTEM32\profapi.dll
0x00007fff61300000 - 0x00007fff6131a000 	C:\Program Files\Android\Android Studio\jre\bin\net.dll
0x00007fff67e40000 - 0x00007fff67f49000 	C:\Windows\SYSTEM32\WINHTTP.dll
0x00007fff75c40000 - 0x00007fff75caa000 	C:\Windows\system32\mswsock.dll
0x00007fff61140000 - 0x00007fff61154000 	C:\Program Files\Android\Android Studio\jre\bin\nio.dll
0x00007fff60830000 - 0x00007fff60857000 	C:\Users\Ruslan\.gradle\native\e1d6ef7f7dcc3fd88c89a11ec53ec762bb8ba0a96d01ffa2cd45eb1d1d8dd5c5\windows-amd64\native-platform.dll
0x00007fff2b3d0000 - 0x00007fff2b514000 	C:\Users\Ruslan\.gradle\native\5664cfc778a61ccfe75a443a1ab52a65af34e5dc3c78e0209fed803814484fcb\windows-amd64\native-platform-file-events.dll
0x00007fff71ce0000 - 0x00007fff71cea000 	C:\Program Files\Android\Android Studio\jre\bin\management.dll
0x00007fff664a0000 - 0x00007fff664ad000 	C:\Program Files\Android\Android Studio\jre\bin\management_ext.dll
0x00007fff75e40000 - 0x00007fff75e58000 	C:\Windows\SYSTEM32\CRYPTSP.dll
0x00007fff755c0000 - 0x00007fff755f4000 	C:\Windows\system32\rsaenh.dll
0x00007fff76a30000 - 0x00007fff76a57000 	C:\Windows\System32\bcrypt.dll
0x00007fff76410000 - 0x00007fff7643e000 	C:\Windows\SYSTEM32\USERENV.dll
0x00007fff75e30000 - 0x00007fff75e3c000 	C:\Windows\SYSTEM32\CRYPTBASE.dll
0x00007fff75930000 - 0x00007fff7596b000 	C:\Windows\SYSTEM32\IPHLPAPI.DLL
0x00007fff77aa0000 - 0x00007fff77aa8000 	C:\Windows\System32\NSI.dll
0x00007fff6cee0000 - 0x00007fff6cef7000 	C:\Windows\SYSTEM32\dhcpcsvc6.DLL
0x00007fff6cec0000 - 0x00007fff6cedd000 	C:\Windows\SYSTEM32\dhcpcsvc.DLL
0x00007fff75970000 - 0x00007fff75a3a000 	C:\Windows\SYSTEM32\DNSAPI.dll

dbghelp: loaded successfully - version: 4.0.5 - missing functions: none
symbol engine: initialized successfully - sym options: 0x614 - pdb path: .;C:\Program Files\Android\Android Studio\jre\bin;C:\Windows\SYSTEM32;C:\Windows\WinSxS\amd64_microsoft.windows.common-controls_6595b64144ccf1df_6.0.19041.1110_none_60b5254171f9507e;C:\Program Files\Android\Android Studio\jre\bin\server;C:\Users\Ruslan\.gradle\native\e1d6ef7f7dcc3fd88c89a11ec53ec762bb8ba0a96d01ffa2cd45eb1d1d8dd5c5\windows-amd64;C:\Users\Ruslan\.gradle\native\5664cfc778a61ccfe75a443a1ab52a65af34e5dc3c78e0209fed803814484fcb\windows-amd64

VM Arguments:
jvm_args: --add-opens=java.base/java.util=ALL-UNNAMED --add-opens=java.base/java.lang=ALL-UNNAMED --add-opens=java.base/java.lang.invoke=ALL-UNNAMED --add-opens=java.base/java.util=ALL-UNNAMED --add-opens=java.prefs/java.util.prefs=ALL-UNNAMED --add-opens=java.prefs/java.util.prefs=ALL-UNNAMED --add-opens=java.base/java.nio.charset=ALL-UNNAMED --add-opens=java.base/java.net=ALL-UNNAMED --add-opens=java.base/java.util.concurrent.atomic=ALL-UNNAMED -Xmx2048m -Dfile.encoding=UTF-8 -Duser.country=RU -Duser.language=ru -Duser.variant 
java_command: org.gradle.launcher.daemon.bootstrap.GradleDaemon 7.2
java_class_path (initial): C:\Users\Ruslan\.gradle\wrapper\dists\gradle-7.2-bin\2dnblmf4td7x66yl1d74lt32g\gradle-7.2\lib\gradle-launcher-7.2.jar
Launcher Type: SUN_STANDARD

[Global flags]
     intx CICompilerCount                          = 3                                         {product} {ergonomic}
     uint ConcGCThreads                            = 1                                         {product} {ergonomic}
     uint G1ConcRefinementThreads                  = 4                                         {product} {ergonomic}
   size_t G1HeapRegionSize                         = 1048576                                   {product} {ergonomic}
    uintx GCDrainStackTargetSize                   = 64                                        {product} {ergonomic}
   size_t InitialHeapSize                          = 130023424                                 {product} {ergonomic}
   size_t MarkStackSize                            = 4194304                                   {product} {ergonomic}
   size_t MaxHeapSize                              = 2147483648                                {product} {command line}
   size_t MaxNewSize                               = 1287651328                                {product} {ergonomic}
   size_t MinHeapDeltaBytes                        = 1048576                                   {product} {ergonomic}
    uintx NonNMethodCodeHeapSize                   = 5830732                                {pd product} {ergonomic}
    uintx NonProfiledCodeHeapSize                  = 122913754                              {pd product} {ergonomic}
    uintx ProfiledCodeHeapSize                     = 122913754                              {pd product} {ergonomic}
    uintx ReservedCodeCacheSize                    = 251658240                              {pd product} {ergonomic}
     bool SegmentedCodeCache                       = true                                      {product} {ergonomic}
     bool UseCompressedClassPointers               = true                                 {lp64_product} {ergonomic}
     bool UseCompressedOops                        = true                                 {lp64_product} {ergonomic}
     bool UseG1GC                                  = true                                      {product} {ergonomic}
     bool UseLargePagesIndividualAllocation        = false                                  {pd product} {ergonomic}

Logging:
Log output configuration:
 #0: stdout all=warning uptime,level,tags
 #1: stderr all=off uptime,level,tags

Environment Variables:
PATH=C:\Windows\system32;C:\Windows;C:\Windows\System32\Wbem;C:\Windows\System32\WindowsPowerShell\v1.0\;C:\Windows\System32\OpenSSH\;D:\prgrms\MiKTeX\miktex\bin\x64\;C:\Program Files\MiKTeX\miktex\bin\x64\;D:\prgrms\cygwin64\bin;D:\prgrms\mingw-w64\x86_64-8.1.0-posix-seh-rt_v6-rev0\mingw64\bin;C:\Users\Ruslan\AppData\Local\Microsoft\WindowsApps;C:\Users\Ruslan\AppData\Local\GitHubDesktop\bin;D:\prgrms\MiKTeX\miktex\bin\x64\;D:\prgrms\mingw-w64\x86_64-8.1.0-posix-seh-rt_v6-rev0\mingw64\bin;D:\prgrms\cygwin64\bin;;D:\prgrms\Microsoft VS Code\bin
USERNAME=Ruslan
OS=Windows_NT
PROCESSOR_IDENTIFIER=Intel64 Family 6 Model 126 Stepping 5, GenuineIntel



---------------  S Y S T E M  ---------------

OS: Windows 10 , 64 bit Build 19041 (10.0.19041.1566)
OS uptime: 0 days 7:54 hours

CPU:total 4 (initial active 4) (2 cores per cpu, 2 threads per core) family 6 model 126 stepping 5 microcode 0xa0, cmov, cx8, fxsr, mmx, sse, sse2, sse3, ssse3, sse4.1, sse4.2, popcnt, avx, avx2, aes, clmul, erms, 3dnowpref, lzcnt, ht, tsc, tscinvbit, bmi1, bmi2, adx, evex, sha, fma

Memory: 4k page, system-wide physical 7931M (481M free)
TotalPageFile size 23069M (AvailPageFile size 1M)
current process WorkingSet (physical memory assigned to process): 171M, peak: 173M
current process commit charge ("private bytes"): 269M, peak: 270M

vm_info: OpenJDK 64-Bit Server VM (11.0.11+9-b60-7590822) for windows-amd64 JRE (11.0.11+9-b60-7590822), built on Jul 29 2021 21:43:44 by "builder" with MS VC++ 14.0 (VS2015)

END.
